<?xml version="1.0" encoding="UTF-8"?>
<Site BuildName="Linux-x86_64-linux-gnu-g++-7"
	BuildStamp="20210715-0603-Experimental"
	Name="418"
	Generator="ctest-3.10.2"
	CompilerName="/usr/bin/x86_64-linux-gnu-g++-7"
	CompilerVersion="7.5.0"
	OSName="Linux"
	Hostname="418"
	OSRelease="5.4.0-42-generic"
	OSVersion="#46~18.04.1-Ubuntu SMP Fri Jul 10 07:21:24 UTC 2020"
	OSPlatform="x86_64"
	Is64Bits="1"
	VendorString="GenuineIntel"
	VendorID="Intel Corporation"
	FamilyID="6"
	ModelID="142"
	ProcessorCacheSize="8192"
	NumberOfLogicalCPU="8"
	NumberOfPhysicalCPU="4"
	TotalVirtualMemory="7811"
	TotalPhysicalMemory="15906"
	LogicalProcessorsPerPhysical="2"
	ProcessorClockFrequency="3823.69"
	>
	<Testing>
		<StartDateTime>Jul 15 14:03 CST</StartDateTime>
		<StartTestTime>1626328983</StartTestTime>
		<TestList/>
		<EndDateTime>Jul 15 14:03 CST</EndDateTime>
		<EndTestTime>1626328983</EndTestTime>
		<ElapsedMinutes>0</ElapsedMinutes>
	</Testing>
</Site>
